v2/android/client/build/intermediates/manifest_merge_blame_file/release/processReleaseMainManifest/manifest-merger-blame-release-report.txt
1<?xml version="1.0" encoding="utf-8"?>
2<manifest xmlns:android="http://schemas.android.com/apk/res/android"
3    package="com.jinli.ggsecure"
4    android:versionCode="2"
5    android:versionName="2.0.0-test2" >
6
7    <uses-sdk
8        android:minSdkVersion="24"
9        android:targetSdkVersion="35" />
10
11    <uses-permission android:name="android.permission.INTERNET" />
11-->src/main/AndroidManifest.xml:3:5-67
11-->src/main/AndroidManifest.xml:3:22-64
12    <uses-permission android:name="android.permission.ACCESS_NETWORK_STATE" />
12-->src/main/AndroidManifest.xml:4:5-79
12-->src/main/AndroidManifest.xml:4:22-76
13
14    <application
14-->src/main/AndroidManifest.xml:5:5-24:19
15        android:allowBackup="false"
15-->src/main/AndroidManifest.xml:6:9-36
16        android:appComponentFactory="androidx.core.app.CoreComponentFactory"
16-->[androidx.core:core:1.1.0] AndroidManifest.xml:24:18-86
17        android:debuggable="false"
17-->src/main/AndroidManifest.xml:7:9-35
18        android:extractNativeLibs="false"
18-->src/main/AndroidManifest.xml:8:9-42
19        android:fullBackupContent="false"
19-->src/main/AndroidManifest.xml:9:9-42
20        android:hardwareAccelerated="true"
20-->src/main/AndroidManifest.xml:10:9-43
21        android:label="GG V2 测试版"
21-->src/main/AndroidManifest.xml:11:9-34
22        android:supportsRtl="true"
22-->src/main/AndroidManifest.xml:12:9-35
23        android:theme="@android:style/Theme.Material.Light.NoActionBar"
23-->src/main/AndroidManifest.xml:13:9-72
24        android:usesCleartextTraffic="false" >
24-->src/main/AndroidManifest.xml:14:9-45
25        <activity
25-->src/main/AndroidManifest.xml:15:9-23:20
26            android:name="com.jinli.ggsecure.MainActivity"
26-->src/main/AndroidManifest.xml:16:13-41
27            android:configChanges="keyboard|keyboardHidden|orientation|screenLayout|screenSize|smallestScreenSize|uiMode"
27-->src/main/AndroidManifest.xml:17:13-122
28            android:exported="true" >
28-->src/main/AndroidManifest.xml:18:13-36
29            <intent-filter>
29-->src/main/AndroidManifest.xml:19:13-22:29
30                <action android:name="android.intent.action.MAIN" />
30-->src/main/AndroidManifest.xml:20:17-69
30-->src/main/AndroidManifest.xml:20:25-66
31
32                <category android:name="android.intent.category.LAUNCHER" />
32-->src/main/AndroidManifest.xml:21:17-77
32-->src/main/AndroidManifest.xml:21:27-74
33            </intent-filter>
34        </activity>
35    </application>
36
37</manifest>